<?xml version="1.0" encoding="UTF-8"?>
<testsuite xmlns:xsi="http://www.w3.org/2001/XMLSchema-instance" xsi:noNamespaceSchemaLocation="https://maven.apache.org/surefire/maven-surefire-plugin/xsd/surefire-test-report-3.0.xsd" version="3.0" name="grpc.grpc.AppTest" time="0.034" tests="1" errors="0" skipped="0" failures="0">
  <properties>
    <property name="sun.desktop" value="gnome"/>
    <property name="awt.toolkit" value="sun.awt.X11.XToolkit"/>
    <property name="file.encoding.pkg" value="sun.io"/>
    <property name="java.specification.version" value="1.8"/>
    <property name="sun.cpu.isalist" value=""/>
    <property name="sun.jnu.encoding" value="UTF-8"/>
    <property name="java.class.path" value="/home/yashwanth/eclipse-workspace/grpc/target/test-classes:/home/yashwanth/eclipse-workspace/grpc/target/classes:/home/yashwanth/.m2/repository/io/grpc/grpc-services/1.68.0/grpc-services-1.68.0.jar:/home/yashwanth/.m2/repository/io/grpc/grpc-core/1.68.0/grpc-core-1.68.0.jar:/home/yashwanth/.m2/repository/com/google/android/annotations/4.1.1.4/annotations-4.1.1.4.jar:/home/yashwanth/.m2/repository/org/codehaus/mojo/animal-sniffer-annotations/1.24/animal-sniffer-annotations-1.24.jar:/home/yashwanth/.m2/repository/io/grpc/grpc-context/1.68.0/grpc-context-1.68.0.jar:/home/yashwanth/.m2/repository/io/grpc/grpc-util/1.68.0/grpc-util-1.68.0.jar:/home/yashwanth/.m2/repository/com/google/guava/guava/33.2.1-jre/guava-33.2.1-jre.jar:/home/yashwanth/.m2/repository/com/google/guava/failureaccess/1.0.2/failureaccess-1.0.2.jar:/home/yashwanth/.m2/repository/com/google/guava/listenablefuture/9999.0-empty-to-avoid-conflict-with-guava/listenablefuture-9999.0-empty-to-avoid-conflict-with-guava.jar:/home/yashwanth/.m2/repository/org/checkerframework/checker-qual/3.42.0/checker-qual-3.42.0.jar:/home/yashwanth/.m2/repository/com/google/errorprone/error_prone_annotations/2.28.0/error_prone_annotations-2.28.0.jar:/home/yashwanth/.m2/repository/com/google/code/gson/gson/2.11.0/gson-2.11.0.jar:/home/yashwanth/.m2/repository/io/grpc/grpc-netty-shaded/1.68.0/grpc-netty-shaded-1.68.0.jar:/home/yashwanth/.m2/repository/io/perfmark/perfmark-api/0.27.0/perfmark-api-0.27.0.jar:/home/yashwanth/.m2/repository/io/grpc/grpc-api/1.68.0/grpc-api-1.68.0.jar:/home/yashwanth/.m2/repository/io/grpc/grpc-protobuf/1.68.0/grpc-protobuf-1.68.0.jar:/home/yashwanth/.m2/repository/com/google/code/findbugs/jsr305/3.0.2/jsr305-3.0.2.jar:/home/yashwanth/.m2/repository/com/google/protobuf/protobuf-java/3.25.3/protobuf-java-3.25.3.jar:/home/yashwanth/.m2/repository/com/google/api/grpc/proto-google-common-protos/2.41.0/proto-google-common-protos-2.41.0.jar:/home/yashwanth/.m2/repository/io/grpc/grpc-protobuf-lite/1.68.0/grpc-protobuf-lite-1.68.0.jar:/home/yashwanth/.m2/repository/io/grpc/grpc-stub/1.68.0/grpc-stub-1.68.0.jar:/home/yashwanth/.m2/repository/com/google/protobuf/protobuf-java-util/3.25.5/protobuf-java-util-3.25.5.jar:/home/yashwanth/.m2/repository/com/google/j2objc/j2objc-annotations/3.0.0/j2objc-annotations-3.0.0.jar:/home/yashwanth/.m2/repository/org/apache/tomcat/annotations-api/6.0.53/annotations-api-6.0.53.jar:/home/yashwanth/.m2/repository/io/grpc/grpc-testing/1.68.0/grpc-testing-1.68.0.jar:/home/yashwanth/.m2/repository/io/grpc/grpc-inprocess/1.68.0/grpc-inprocess-1.68.0.jar:/home/yashwanth/.m2/repository/junit/junit/4.13.2/junit-4.13.2.jar:/home/yashwanth/.m2/repository/org/hamcrest/hamcrest-core/1.3/hamcrest-core-1.3.jar:/home/yashwanth/.m2/repository/org/mockito/mockito-core/4.4.0/mockito-core-4.4.0.jar:/home/yashwanth/.m2/repository/net/bytebuddy/byte-buddy/1.12.8/byte-buddy-1.12.8.jar:/home/yashwanth/.m2/repository/net/bytebuddy/byte-buddy-agent/1.12.8/byte-buddy-agent-1.12.8.jar:/home/yashwanth/.m2/repository/org/objenesis/objenesis/3.2/objenesis-3.2.jar:"/>
    <property name="java.vm.vendor" value="Private Build"/>
    <property name="sun.arch.data.model" value="64"/>
    <property name="java.vendor.url" value="http://java.oracle.com/"/>
    <property name="user.timezone" value=""/>
    <property name="java.vm.specification.version" value="1.8"/>
    <property name="os.name" value="Linux"/>
    <property name="user.country" value="US"/>
    <property name="sun.java.launcher" value="SUN_STANDARD"/>
    <property name="sun.boot.library.path" value="/usr/lib/jvm/java-8-openjdk-amd64/jre/lib/amd64"/>
    <property name="sun.java.command" value="/home/yashwanth/eclipse-workspace/grpc/target/surefire/surefirebooter-20241015123640033_3.jar /home/yashwanth/eclipse-workspace/grpc/target/surefire 2024-10-15T12-36-39_947-jvmRun1 surefire-20241015123640033_1tmp surefire_0-20241015123640033_2tmp"/>
    <property name="surefire.test.class.path" value="/home/yashwanth/eclipse-workspace/grpc/target/test-classes:/home/yashwanth/eclipse-workspace/grpc/target/classes:/home/yashwanth/.m2/repository/io/grpc/grpc-services/1.68.0/grpc-services-1.68.0.jar:/home/yashwanth/.m2/repository/io/grpc/grpc-core/1.68.0/grpc-core-1.68.0.jar:/home/yashwanth/.m2/repository/com/google/android/annotations/4.1.1.4/annotations-4.1.1.4.jar:/home/yashwanth/.m2/repository/org/codehaus/mojo/animal-sniffer-annotations/1.24/animal-sniffer-annotations-1.24.jar:/home/yashwanth/.m2/repository/io/grpc/grpc-context/1.68.0/grpc-context-1.68.0.jar:/home/yashwanth/.m2/repository/io/grpc/grpc-util/1.68.0/grpc-util-1.68.0.jar:/home/yashwanth/.m2/repository/com/google/guava/guava/33.2.1-jre/guava-33.2.1-jre.jar:/home/yashwanth/.m2/repository/com/google/guava/failureaccess/1.0.2/failureaccess-1.0.2.jar:/home/yashwanth/.m2/repository/com/google/guava/listenablefuture/9999.0-empty-to-avoid-conflict-with-guava/listenablefuture-9999.0-empty-to-avoid-conflict-with-guava.jar:/home/yashwanth/.m2/repository/org/checkerframework/checker-qual/3.42.0/checker-qual-3.42.0.jar:/home/yashwanth/.m2/repository/com/google/errorprone/error_prone_annotations/2.28.0/error_prone_annotations-2.28.0.jar:/home/yashwanth/.m2/repository/com/google/code/gson/gson/2.11.0/gson-2.11.0.jar:/home/yashwanth/.m2/repository/io/grpc/grpc-netty-shaded/1.68.0/grpc-netty-shaded-1.68.0.jar:/home/yashwanth/.m2/repository/io/perfmark/perfmark-api/0.27.0/perfmark-api-0.27.0.jar:/home/yashwanth/.m2/repository/io/grpc/grpc-api/1.68.0/grpc-api-1.68.0.jar:/home/yashwanth/.m2/repository/io/grpc/grpc-protobuf/1.68.0/grpc-protobuf-1.68.0.jar:/home/yashwanth/.m2/repository/com/google/code/findbugs/jsr305/3.0.2/jsr305-3.0.2.jar:/home/yashwanth/.m2/repository/com/google/protobuf/protobuf-java/3.25.3/protobuf-java-3.25.3.jar:/home/yashwanth/.m2/repository/com/google/api/grpc/proto-google-common-protos/2.41.0/proto-google-common-protos-2.41.0.jar:/home/yashwanth/.m2/repository/io/grpc/grpc-protobuf-lite/1.68.0/grpc-protobuf-lite-1.68.0.jar:/home/yashwanth/.m2/repository/io/grpc/grpc-stub/1.68.0/grpc-stub-1.68.0.jar:/home/yashwanth/.m2/repository/com/google/protobuf/protobuf-java-util/3.25.5/protobuf-java-util-3.25.5.jar:/home/yashwanth/.m2/repository/com/google/j2objc/j2objc-annotations/3.0.0/j2objc-annotations-3.0.0.jar:/home/yashwanth/.m2/repository/org/apache/tomcat/annotations-api/6.0.53/annotations-api-6.0.53.jar:/home/yashwanth/.m2/repository/io/grpc/grpc-testing/1.68.0/grpc-testing-1.68.0.jar:/home/yashwanth/.m2/repository/io/grpc/grpc-inprocess/1.68.0/grpc-inprocess-1.68.0.jar:/home/yashwanth/.m2/repository/junit/junit/4.13.2/junit-4.13.2.jar:/home/yashwanth/.m2/repository/org/hamcrest/hamcrest-core/1.3/hamcrest-core-1.3.jar:/home/yashwanth/.m2/repository/org/mockito/mockito-core/4.4.0/mockito-core-4.4.0.jar:/home/yashwanth/.m2/repository/net/bytebuddy/byte-buddy/1.12.8/byte-buddy-1.12.8.jar:/home/yashwanth/.m2/repository/net/bytebuddy/byte-buddy-agent/1.12.8/byte-buddy-agent-1.12.8.jar:/home/yashwanth/.m2/repository/org/objenesis/objenesis/3.2/objenesis-3.2.jar:"/>
    <property name="sun.cpu.endian" value="little"/>
    <property name="user.home" value="/home/yashwanth"/>
    <property name="user.language" value="en"/>
    <property name="java.specification.vendor" value="Oracle Corporation"/>
    <property name="java.home" value="/usr/lib/jvm/java-8-openjdk-amd64/jre"/>
    <property name="basedir" value="/home/yashwanth/eclipse-workspace/grpc"/>
    <property name="style.color" value="always"/>
    <property name="file.separator" value="/"/>
    <property name="line.separator" value="&#10;"/>
    <property name="java.vm.specification.vendor" value="Oracle Corporation"/>
    <property name="java.specification.name" value="Java Platform API Specification"/>
    <property name="java.awt.graphicsenv" value="sun.awt.X11GraphicsEnvironment"/>
    <property name="surefire.real.class.path" value="/home/yashwanth/eclipse-workspace/grpc/target/surefire/surefirebooter-20241015123640033_3.jar"/>
    <property name="sun.boot.class.path" value="/usr/lib/jvm/java-8-openjdk-amd64/jre/lib/resources.jar:/usr/lib/jvm/java-8-openjdk-amd64/jre/lib/rt.jar:/usr/lib/jvm/java-8-openjdk-amd64/jre/lib/sunrsasign.jar:/usr/lib/jvm/java-8-openjdk-amd64/jre/lib/jsse.jar:/usr/lib/jvm/java-8-openjdk-amd64/jre/lib/jce.jar:/usr/lib/jvm/java-8-openjdk-amd64/jre/lib/charsets.jar:/usr/lib/jvm/java-8-openjdk-amd64/jre/lib/jfr.jar:/usr/lib/jvm/java-8-openjdk-amd64/jre/classes"/>
    <property name="sun.management.compiler" value="HotSpot 64-Bit Tiered Compilers"/>
    <property name="java.runtime.version" value="1.8.0_422-8u422-b05-1~24.04-b05"/>
    <property name="user.name" value="yashwanth"/>
    <property name="path.separator" value=":"/>
    <property name="os.version" value="6.8.0-45-generic"/>
    <property name="java.endorsed.dirs" value="/usr/lib/jvm/java-8-openjdk-amd64/jre/lib/endorsed"/>
    <property name="java.runtime.name" value="OpenJDK Runtime Environment"/>
    <property name="file.encoding" value="UTF-8"/>
    <property name="java.vm.name" value="OpenJDK 64-Bit Server VM"/>
    <property name="localRepository" value="/home/yashwanth/.m2/repository"/>
    <property name="java.vendor.url.bug" value="http://bugreport.sun.com/bugreport/"/>
    <property name="java.io.tmpdir" value="/tmp"/>
    <property name="java.version" value="1.8.0_422"/>
    <property name="user.dir" value="/home/yashwanth/eclipse-workspace/grpc"/>
    <property name="os.arch" value="amd64"/>
    <property name="java.vm.specification.name" value="Java Virtual Machine Specification"/>
    <property name="java.awt.printerjob" value="sun.print.PSPrinterJob"/>
    <property name="sun.os.patch.level" value="unknown"/>
    <property name="java.library.path" value="/usr/java/packages/lib/amd64:/usr/lib/x86_64-linux-gnu/jni:/lib/x86_64-linux-gnu:/usr/lib/x86_64-linux-gnu:/usr/lib/jni:/lib:/usr/lib"/>
    <property name="java.vm.info" value="mixed mode"/>
    <property name="java.vendor" value="Private Build"/>
    <property name="java.vm.version" value="25.422-b05"/>
    <property name="java.specification.maintenance.version" value="5"/>
    <property name="java.ext.dirs" value="/usr/lib/jvm/java-8-openjdk-amd64/jre/lib/ext:/usr/java/packages/lib/ext"/>
    <property name="sun.io.unicode.encoding" value="UnicodeLittle"/>
    <property name="java.class.version" value="52.0"/>
  </properties>
  <testcase name="testApp" classname="grpc.grpc.AppTest" time="0.003"/>
</testsuite>